Copyright 1986-2022 Xilinx, Inc. All Rights Reserved.
---------------------------------------------------------------------------------------------------------------------------------------------------------------------------------------------------------
| Tool Version : Vivado v.2022.2 (win64) Build 3671981 Fri Oct 14 05:00:03 MDT 2022
| Date         : Sat Feb 10 21:01:35 2024
| Host         : MSI_Notebook running 64-bit major release  (build 9200)
| Command      : report_timing_summary -max_paths 10 -report_unconstrained -file main_timing_summary_routed.rpt -pb main_timing_summary_routed.pb -rpx main_timing_summary_routed.rpx -warn_on_violation
| Design       : main
| Device       : 7a100t-csg324
| Speed File   : -1  PRODUCTION 1.23 2018-06-13
---------------------------------------------------------------------------------------------------------------------------------------------------------------------------------------------------------

Timing Summary Report

------------------------------------------------------------------------------------------------
| Timer Settings
| --------------
------------------------------------------------------------------------------------------------

  Enable Multi Corner Analysis               :  Yes
  Enable Pessimism Removal                   :  Yes
  Pessimism Removal Resolution               :  Nearest Common Node
  Enable Input Delay Default Clock           :  No
  Enable Preset / Clear Arcs                 :  No
  Disable Flight Delays                      :  No
  Ignore I/O Paths                           :  No
  Timing Early Launch at Borrowing Latches   :  No
  Borrow Time for Max Delay Exceptions       :  Yes
  Merge Timing Exceptions                    :  Yes

  Corner  Analyze    Analyze    
  Name    Max Paths  Min Paths  
  ------  ---------  ---------  
  Slow    Yes        Yes        
  Fast    Yes        Yes        


------------------------------------------------------------------------------------------------
| Report Methodology
| ------------------
------------------------------------------------------------------------------------------------

No report available as report_methodology has not been run prior. Run report_methodology on the current design for the summary of methodology violations.



check_timing report

Table of Contents
-----------------
1. checking no_clock (0)
2. checking constant_clock (0)
3. checking pulse_width_clock (0)
4. checking unconstrained_internal_endpoints (0)
5. checking no_input_delay (0)
6. checking no_output_delay (0)
7. checking multiple_clock (0)
8. checking generated_clocks (0)
9. checking loops (0)
10. checking partial_input_delay (0)
11. checking partial_output_delay (0)
12. checking latch_loops (0)

1. checking no_clock (0)
------------------------
 There are 0 register/latch pins with no clock.


2. checking constant_clock (0)
------------------------------
 There are 0 register/latch pins with constant_clock.


3. checking pulse_width_clock (0)
---------------------------------
 There are 0 register/latch pins which need pulse_width check


4. checking unconstrained_internal_endpoints (0)
------------------------------------------------
 There are 0 pins that are not constrained for maximum delay.

 There are 0 pins that are not constrained for maximum delay due to constant clock.


5. checking no_input_delay (0)
------------------------------
 There are 0 input ports with no input delay specified.

 There are 0 input ports with no input delay but user has a false path constraint.


6. checking no_output_delay (0)
-------------------------------
 There are 0 ports with no output delay specified.

 There are 0 ports with no output delay but user has a false path constraint

 There are 0 ports with no output delay but with a timing clock defined on it or propagating through it


7. checking multiple_clock (0)
------------------------------
 There are 0 register/latch pins with multiple clocks.


8. checking generated_clocks (0)
--------------------------------
 There are 0 generated clocks that are not connected to a clock source.


9. checking loops (0)
---------------------
 There are 0 combinational loops in the design.


10. checking partial_input_delay (0)
------------------------------------
 There are 0 input ports with partial input delay specified.


11. checking partial_output_delay (0)
-------------------------------------
 There are 0 ports with partial output delay specified.


12. checking latch_loops (0)
----------------------------
 There are 0 combinational latch loops in the design through latch input



------------------------------------------------------------------------------------------------
| Design Timing Summary
| ---------------------
------------------------------------------------------------------------------------------------

    WNS(ns)      TNS(ns)  TNS Failing Endpoints  TNS Total Endpoints      WHS(ns)      THS(ns)  THS Failing Endpoints  THS Total Endpoints     WPWS(ns)     TPWS(ns)  TPWS Failing Endpoints  TPWS Total Endpoints  
    -------      -------  ---------------------  -------------------      -------      -------  ---------------------  -------------------     --------     --------  ----------------------  --------------------  
        inf        0.000                      0                    7          inf        0.000                      0                    7           NA           NA                      NA                    NA  


There are no user specified timing constraints.


------------------------------------------------------------------------------------------------
| Clock Summary
| -------------
------------------------------------------------------------------------------------------------


------------------------------------------------------------------------------------------------
| Intra Clock Table
| -----------------
------------------------------------------------------------------------------------------------

Clock             WNS(ns)      TNS(ns)  TNS Failing Endpoints  TNS Total Endpoints      WHS(ns)      THS(ns)  THS Failing Endpoints  THS Total Endpoints     WPWS(ns)     TPWS(ns)  TPWS Failing Endpoints  TPWS Total Endpoints  
-----             -------      -------  ---------------------  -------------------      -------      -------  ---------------------  -------------------     --------     --------  ----------------------  --------------------  


------------------------------------------------------------------------------------------------
| Inter Clock Table
| -----------------
------------------------------------------------------------------------------------------------

From Clock    To Clock          WNS(ns)      TNS(ns)  TNS Failing Endpoints  TNS Total Endpoints      WHS(ns)      THS(ns)  THS Failing Endpoints  THS Total Endpoints  
----------    --------          -------      -------  ---------------------  -------------------      -------      -------  ---------------------  -------------------  


------------------------------------------------------------------------------------------------
| Other Path Groups Table
| -----------------------
------------------------------------------------------------------------------------------------

Path Group    From Clock    To Clock          WNS(ns)      TNS(ns)  TNS Failing Endpoints  TNS Total Endpoints      WHS(ns)      THS(ns)  THS Failing Endpoints  THS Total Endpoints  
----------    ----------    --------          -------      -------  ---------------------  -------------------      -------      -------  ---------------------  -------------------  


------------------------------------------------------------------------------------------------
| User Ignored Path Table
| -----------------------
------------------------------------------------------------------------------------------------

Path Group    From Clock    To Clock    
----------    ----------    --------    


------------------------------------------------------------------------------------------------
| Unconstrained Path Table
| ------------------------
------------------------------------------------------------------------------------------------

Path Group    From Clock    To Clock    
----------    ----------    --------    
(none)                                    


------------------------------------------------------------------------------------------------
| Timing Details
| --------------
------------------------------------------------------------------------------------------------


--------------------------------------------------------------------------------------
Path Group:  (none)
From Clock:  
  To Clock:  

Max Delay             7 Endpoints
Min Delay             7 Endpoints
--------------------------------------------------------------------------------------


Max Delay Paths
--------------------------------------------------------------------------------------
Slack:                    inf
  Source:                 b[1]
                            (input port)
  Destination:            res[6]
                            (output port)
  Path Group:             (none)
  Path Type:              Max at Slow Process Corner
  Data Path Delay:        27.949ns  (logic 12.564ns (44.954%)  route 15.385ns (55.046%))
  Logic Levels:           32  (CARRY4=18 IBUF=1 LUT2=2 LUT3=1 LUT4=1 LUT5=3 LUT6=5 OBUF=1)

    Location             Delay type                Incr(ns)  Path(ns)    Netlist Resource(s)
  -------------------------------------------------------------------    -------------------
    V14                                               0.000     0.000 r  b[1] (IN)
                         net (fo=0)                   0.000     0.000    b[1]
    V14                  IBUF (Prop_ibuf_I_O)         0.984     0.984 r  b_IBUF[1]_inst/O
                         net (fo=10, routed)          1.562     2.546    b_IBUF[1]
    SLICE_X0Y57          LUT6 (Prop_lut6_I4_O)        0.124     2.670 f  res_OBUF[6]_inst_i_53/O
                         net (fo=2, routed)           0.807     3.477    res_OBUF[6]_inst_i_53_n_0
    SLICE_X0Y57          LUT6 (Prop_lut6_I5_O)        0.124     3.601 r  res_OBUF[6]_inst_i_48/O
                         net (fo=3, routed)           0.741     4.342    res_OBUF[6]_inst_i_48_n_0
    SLICE_X0Y58          LUT6 (Prop_lut6_I0_O)        0.124     4.466 r  res_OBUF[6]_inst_i_22/O
                         net (fo=4, routed)           0.808     5.274    res_OBUF[6]_inst_i_22_n_0
    SLICE_X1Y57          LUT4 (Prop_lut4_I0_O)        0.124     5.398 r  res_OBUF[6]_inst_i_25/O
                         net (fo=1, routed)           0.000     5.398    res_OBUF[6]_inst_i_25_n_0
    SLICE_X1Y57          CARRY4 (Prop_carry4_S[3]_CO[3])
                                                      0.401     5.799 r  res_OBUF[6]_inst_i_12/CO[3]
                         net (fo=1, routed)           0.000     5.799    res_OBUF[6]_inst_i_12_n_0
    SLICE_X1Y58          CARRY4 (Prop_carry4_CI_O[0])
                                                      0.222     6.021 f  res_OBUF[6]_inst_i_7/O[0]
                         net (fo=14, routed)          0.700     6.721    res4[6]
    SLICE_X0Y59          LUT6 (Prop_lut6_I4_O)        0.299     7.020 f  res_OBUF[6]_inst_i_10/O
                         net (fo=11, routed)          0.613     7.633    res_OBUF[6]_inst_i_10_n_0
    SLICE_X1Y59          LUT5 (Prop_lut5_I2_O)        0.124     7.757 r  res_OBUF[6]_inst_i_38/O
                         net (fo=1, routed)           0.797     8.554    res_OBUF[6]_inst_i_38_n_0
    SLICE_X1Y60          CARRY4 (Prop_carry4_DI[0]_CO[3])
                                                      0.635     9.189 r  res_OBUF[6]_inst_i_15/CO[3]
                         net (fo=1, routed)           0.000     9.189    res_OBUF[6]_inst_i_15_n_0
    SLICE_X1Y61          CARRY4 (Prop_carry4_CI_CO[1])
                                                      0.157     9.346 r  res_OBUF[6]_inst_i_9/CO[1]
                         net (fo=12, routed)          1.012    10.358    res_OBUF[6]_inst_i_9_n_2
    SLICE_X3Y61          LUT6 (Prop_lut6_I0_O)        0.329    10.687 r  res_OBUF[6]_inst_i_18/O
                         net (fo=1, routed)           0.000    10.687    res_OBUF[6]_inst_i_18_n_0
    SLICE_X3Y61          CARRY4 (Prop_carry4_S[0]_CO[3])
                                                      0.532    11.219 r  res_OBUF[6]_inst_i_8/CO[3]
                         net (fo=16, routed)          1.187    12.406    res_OBUF[6]_inst_i_8_n_0
    SLICE_X6Y60          LUT2 (Prop_lut2_I1_O)        0.124    12.530 r  res_OBUF[6]_inst_i_56/O
                         net (fo=1, routed)           0.324    12.854    res_OBUF[6]_inst_i_56_n_0
    SLICE_X4Y60          CARRY4 (Prop_carry4_DI[1]_CO[3])
                                                      0.507    13.361 r  res_OBUF[6]_inst_i_43/CO[3]
                         net (fo=1, routed)           0.000    13.361    res_OBUF[6]_inst_i_43_n_0
    SLICE_X4Y61          CARRY4 (Prop_carry4_CI_CO[3])
                                                      0.114    13.475 r  res_OBUF[6]_inst_i_21/CO[3]
                         net (fo=1, routed)           0.000    13.475    res_OBUF[6]_inst_i_21_n_0
    SLICE_X4Y62          CARRY4 (Prop_carry4_CI_CO[0])
                                                      0.271    13.746 r  res_OBUF[6]_inst_i_11/CO[0]
                         net (fo=17, routed)          1.150    14.896    res_OBUF[6]_inst_i_11_n_3
    SLICE_X5Y59          LUT5 (Prop_lut5_I0_O)        0.373    15.269 r  res_OBUF[3]_inst_i_42/O
                         net (fo=1, routed)           0.000    15.269    res_OBUF[3]_inst_i_42_n_0
    SLICE_X5Y59          CARRY4 (Prop_carry4_S[1]_CO[3])
                                                      0.550    15.819 r  res_OBUF[3]_inst_i_26/CO[3]
                         net (fo=1, routed)           0.000    15.819    res_OBUF[3]_inst_i_26_n_0
    SLICE_X5Y60          CARRY4 (Prop_carry4_CI_CO[3])
                                                      0.114    15.933 r  res_OBUF[3]_inst_i_16/CO[3]
                         net (fo=1, routed)           0.000    15.933    res_OBUF[3]_inst_i_16_n_0
    SLICE_X5Y61          CARRY4 (Prop_carry4_CI_CO[0])
                                                      0.271    16.204 r  res_OBUF[3]_inst_i_9/CO[0]
                         net (fo=15, routed)          0.977    17.181    res1[2]
    SLICE_X4Y58          LUT2 (Prop_lut2_I1_O)        0.373    17.554 r  res_OBUF[3]_inst_i_35/O
                         net (fo=1, routed)           0.339    17.893    res_OBUF[3]_inst_i_35_n_0
    SLICE_X2Y58          CARRY4 (Prop_carry4_DI[1]_CO[3])
                                                      0.520    18.413 r  res_OBUF[3]_inst_i_20/CO[3]
                         net (fo=1, routed)           0.000    18.413    res_OBUF[3]_inst_i_20_n_0
    SLICE_X2Y59          CARRY4 (Prop_carry4_CI_CO[3])
                                                      0.117    18.530 r  res_OBUF[3]_inst_i_18/CO[3]
                         net (fo=1, routed)           0.000    18.530    res_OBUF[3]_inst_i_18_n_0
    SLICE_X2Y60          CARRY4 (Prop_carry4_CI_CO[0])
                                                      0.254    18.784 r  res_OBUF[3]_inst_i_10/CO[0]
                         net (fo=14, routed)          1.069    19.853    res1[1]
    SLICE_X3Y58          LUT5 (Prop_lut5_I0_O)        0.367    20.220 r  res_OBUF[3]_inst_i_24/O
                         net (fo=1, routed)           0.000    20.220    res_OBUF[3]_inst_i_24_n_0
    SLICE_X3Y58          CARRY4 (Prop_carry4_S[1]_CO[3])
                                                      0.550    20.770 r  res_OBUF[3]_inst_i_11/CO[3]
                         net (fo=1, routed)           0.000    20.770    res_OBUF[3]_inst_i_11_n_0
    SLICE_X3Y59          CARRY4 (Prop_carry4_CI_CO[3])
                                                      0.114    20.884 r  res_OBUF[3]_inst_i_8/CO[3]
                         net (fo=1, routed)           0.903    21.787    res1[0]
    SLICE_X2Y61          LUT3 (Prop_lut3_I0_O)        0.124    21.911 r  res_OBUF[3]_inst_i_2/O
                         net (fo=1, routed)           0.343    22.254    res_OBUF[3]_inst_i_2_n_0
    SLICE_X0Y60          CARRY4 (Prop_carry4_CYINIT_CO[3])
                                                      0.580    22.834 r  res_OBUF[3]_inst_i_1/CO[3]
                         net (fo=1, routed)           0.000    22.834    res_OBUF[3]_inst_i_1_n_0
    SLICE_X0Y61          CARRY4 (Prop_carry4_CI_O[2])
                                                      0.239    23.073 r  res_OBUF[6]_inst_i_1/O[2]
                         net (fo=1, routed)           2.053    25.126    res_OBUF[6]
    T14                  OBUF (Prop_obuf_I_O)         2.823    27.949 r  res_OBUF[6]_inst/O
                         net (fo=0)                   0.000    27.949    res[6]
    T14                                                               r  res[6] (OUT)
  -------------------------------------------------------------------    -------------------

Slack:                    inf
  Source:                 b[1]
                            (input port)
  Destination:            res[5]
                            (output port)
  Path Group:             (none)
  Path Type:              Max at Slow Process Corner
  Data Path Delay:        27.917ns  (logic 12.663ns (45.359%)  route 15.254ns (54.641%))
  Logic Levels:           32  (CARRY4=18 IBUF=1 LUT2=2 LUT3=1 LUT4=1 LUT5=3 LUT6=5 OBUF=1)

    Location             Delay type                Incr(ns)  Path(ns)    Netlist Resource(s)
  -------------------------------------------------------------------    -------------------
    V14                                               0.000     0.000 r  b[1] (IN)
                         net (fo=0)                   0.000     0.000    b[1]
    V14                  IBUF (Prop_ibuf_I_O)         0.984     0.984 r  b_IBUF[1]_inst/O
                         net (fo=10, routed)          1.562     2.546    b_IBUF[1]
    SLICE_X0Y57          LUT6 (Prop_lut6_I4_O)        0.124     2.670 f  res_OBUF[6]_inst_i_53/O
                         net (fo=2, routed)           0.807     3.477    res_OBUF[6]_inst_i_53_n_0
    SLICE_X0Y57          LUT6 (Prop_lut6_I5_O)        0.124     3.601 r  res_OBUF[6]_inst_i_48/O
                         net (fo=3, routed)           0.741     4.342    res_OBUF[6]_inst_i_48_n_0
    SLICE_X0Y58          LUT6 (Prop_lut6_I0_O)        0.124     4.466 r  res_OBUF[6]_inst_i_22/O
                         net (fo=4, routed)           0.808     5.274    res_OBUF[6]_inst_i_22_n_0
    SLICE_X1Y57          LUT4 (Prop_lut4_I0_O)        0.124     5.398 r  res_OBUF[6]_inst_i_25/O
                         net (fo=1, routed)           0.000     5.398    res_OBUF[6]_inst_i_25_n_0
    SLICE_X1Y57          CARRY4 (Prop_carry4_S[3]_CO[3])
                                                      0.401     5.799 r  res_OBUF[6]_inst_i_12/CO[3]
                         net (fo=1, routed)           0.000     5.799    res_OBUF[6]_inst_i_12_n_0
    SLICE_X1Y58          CARRY4 (Prop_carry4_CI_O[0])
                                                      0.222     6.021 f  res_OBUF[6]_inst_i_7/O[0]
                         net (fo=14, routed)          0.700     6.721    res4[6]
    SLICE_X0Y59          LUT6 (Prop_lut6_I4_O)        0.299     7.020 f  res_OBUF[6]_inst_i_10/O
                         net (fo=11, routed)          0.613     7.633    res_OBUF[6]_inst_i_10_n_0
    SLICE_X1Y59          LUT5 (Prop_lut5_I2_O)        0.124     7.757 r  res_OBUF[6]_inst_i_38/O
                         net (fo=1, routed)           0.797     8.554    res_OBUF[6]_inst_i_38_n_0
    SLICE_X1Y60          CARRY4 (Prop_carry4_DI[0]_CO[3])
                                                      0.635     9.189 r  res_OBUF[6]_inst_i_15/CO[3]
                         net (fo=1, routed)           0.000     9.189    res_OBUF[6]_inst_i_15_n_0
    SLICE_X1Y61          CARRY4 (Prop_carry4_CI_CO[1])
                                                      0.157     9.346 r  res_OBUF[6]_inst_i_9/CO[1]
                         net (fo=12, routed)          1.012    10.358    res_OBUF[6]_inst_i_9_n_2
    SLICE_X3Y61          LUT6 (Prop_lut6_I0_O)        0.329    10.687 r  res_OBUF[6]_inst_i_18/O
                         net (fo=1, routed)           0.000    10.687    res_OBUF[6]_inst_i_18_n_0
    SLICE_X3Y61          CARRY4 (Prop_carry4_S[0]_CO[3])
                                                      0.532    11.219 r  res_OBUF[6]_inst_i_8/CO[3]
                         net (fo=16, routed)          1.187    12.406    res_OBUF[6]_inst_i_8_n_0
    SLICE_X6Y60          LUT2 (Prop_lut2_I1_O)        0.124    12.530 r  res_OBUF[6]_inst_i_56/O
                         net (fo=1, routed)           0.324    12.854    res_OBUF[6]_inst_i_56_n_0
    SLICE_X4Y60          CARRY4 (Prop_carry4_DI[1]_CO[3])
                                                      0.507    13.361 r  res_OBUF[6]_inst_i_43/CO[3]
                         net (fo=1, routed)           0.000    13.361    res_OBUF[6]_inst_i_43_n_0
    SLICE_X4Y61          CARRY4 (Prop_carry4_CI_CO[3])
                                                      0.114    13.475 r  res_OBUF[6]_inst_i_21/CO[3]
                         net (fo=1, routed)           0.000    13.475    res_OBUF[6]_inst_i_21_n_0
    SLICE_X4Y62          CARRY4 (Prop_carry4_CI_CO[0])
                                                      0.271    13.746 r  res_OBUF[6]_inst_i_11/CO[0]
                         net (fo=17, routed)          1.150    14.896    res_OBUF[6]_inst_i_11_n_3
    SLICE_X5Y59          LUT5 (Prop_lut5_I0_O)        0.373    15.269 r  res_OBUF[3]_inst_i_42/O
                         net (fo=1, routed)           0.000    15.269    res_OBUF[3]_inst_i_42_n_0
    SLICE_X5Y59          CARRY4 (Prop_carry4_S[1]_CO[3])
                                                      0.550    15.819 r  res_OBUF[3]_inst_i_26/CO[3]
                         net (fo=1, routed)           0.000    15.819    res_OBUF[3]_inst_i_26_n_0
    SLICE_X5Y60          CARRY4 (Prop_carry4_CI_CO[3])
                                                      0.114    15.933 r  res_OBUF[3]_inst_i_16/CO[3]
                         net (fo=1, routed)           0.000    15.933    res_OBUF[3]_inst_i_16_n_0
    SLICE_X5Y61          CARRY4 (Prop_carry4_CI_CO[0])
                                                      0.271    16.204 r  res_OBUF[3]_inst_i_9/CO[0]
                         net (fo=15, routed)          0.977    17.181    res1[2]
    SLICE_X4Y58          LUT2 (Prop_lut2_I1_O)        0.373    17.554 r  res_OBUF[3]_inst_i_35/O
                         net (fo=1, routed)           0.339    17.893    res_OBUF[3]_inst_i_35_n_0
    SLICE_X2Y58          CARRY4 (Prop_carry4_DI[1]_CO[3])
                                                      0.520    18.413 r  res_OBUF[3]_inst_i_20/CO[3]
                         net (fo=1, routed)           0.000    18.413    res_OBUF[3]_inst_i_20_n_0
    SLICE_X2Y59          CARRY4 (Prop_carry4_CI_CO[3])
                                                      0.117    18.530 r  res_OBUF[3]_inst_i_18/CO[3]
                         net (fo=1, routed)           0.000    18.530    res_OBUF[3]_inst_i_18_n_0
    SLICE_X2Y60          CARRY4 (Prop_carry4_CI_CO[0])
                                                      0.254    18.784 r  res_OBUF[3]_inst_i_10/CO[0]
                         net (fo=14, routed)          1.069    19.853    res1[1]
    SLICE_X3Y58          LUT5 (Prop_lut5_I0_O)        0.367    20.220 r  res_OBUF[3]_inst_i_24/O
                         net (fo=1, routed)           0.000    20.220    res_OBUF[3]_inst_i_24_n_0
    SLICE_X3Y58          CARRY4 (Prop_carry4_S[1]_CO[3])
                                                      0.550    20.770 r  res_OBUF[3]_inst_i_11/CO[3]
                         net (fo=1, routed)           0.000    20.770    res_OBUF[3]_inst_i_11_n_0
    SLICE_X3Y59          CARRY4 (Prop_carry4_CI_CO[3])
                                                      0.114    20.884 r  res_OBUF[3]_inst_i_8/CO[3]
                         net (fo=1, routed)           0.903    21.787    res1[0]
    SLICE_X2Y61          LUT3 (Prop_lut3_I0_O)        0.124    21.911 r  res_OBUF[3]_inst_i_2/O
                         net (fo=1, routed)           0.343    22.254    res_OBUF[3]_inst_i_2_n_0
    SLICE_X0Y60          CARRY4 (Prop_carry4_CYINIT_CO[3])
                                                      0.580    22.834 r  res_OBUF[3]_inst_i_1/CO[3]
                         net (fo=1, routed)           0.000    22.834    res_OBUF[3]_inst_i_1_n_0
    SLICE_X0Y61          CARRY4 (Prop_carry4_CI_O[1])
                                                      0.334    23.168 r  res_OBUF[6]_inst_i_1/O[1]
                         net (fo=1, routed)           1.922    25.090    res_OBUF[5]
    T15                  OBUF (Prop_obuf_I_O)         2.826    27.917 r  res_OBUF[5]_inst/O
                         net (fo=0)                   0.000    27.917    res[5]
    T15                                                               r  res[5] (OUT)
  -------------------------------------------------------------------    -------------------

Slack:                    inf
  Source:                 b[1]
                            (input port)
  Destination:            res[4]
                            (output port)
  Path Group:             (none)
  Path Type:              Max at Slow Process Corner
  Data Path Delay:        27.788ns  (logic 12.529ns (45.089%)  route 15.259ns (54.911%))
  Logic Levels:           32  (CARRY4=18 IBUF=1 LUT2=2 LUT3=1 LUT4=1 LUT5=3 LUT6=5 OBUF=1)

    Location             Delay type                Incr(ns)  Path(ns)    Netlist Resource(s)
  -------------------------------------------------------------------    -------------------
    V14                                               0.000     0.000 r  b[1] (IN)
                         net (fo=0)                   0.000     0.000    b[1]
    V14                  IBUF (Prop_ibuf_I_O)         0.984     0.984 r  b_IBUF[1]_inst/O
                         net (fo=10, routed)          1.562     2.546    b_IBUF[1]
    SLICE_X0Y57          LUT6 (Prop_lut6_I4_O)        0.124     2.670 f  res_OBUF[6]_inst_i_53/O
                         net (fo=2, routed)           0.807     3.477    res_OBUF[6]_inst_i_53_n_0
    SLICE_X0Y57          LUT6 (Prop_lut6_I5_O)        0.124     3.601 r  res_OBUF[6]_inst_i_48/O
                         net (fo=3, routed)           0.741     4.342    res_OBUF[6]_inst_i_48_n_0
    SLICE_X0Y58          LUT6 (Prop_lut6_I0_O)        0.124     4.466 r  res_OBUF[6]_inst_i_22/O
                         net (fo=4, routed)           0.808     5.274    res_OBUF[6]_inst_i_22_n_0
    SLICE_X1Y57          LUT4 (Prop_lut4_I0_O)        0.124     5.398 r  res_OBUF[6]_inst_i_25/O
                         net (fo=1, routed)           0.000     5.398    res_OBUF[6]_inst_i_25_n_0
    SLICE_X1Y57          CARRY4 (Prop_carry4_S[3]_CO[3])
                                                      0.401     5.799 r  res_OBUF[6]_inst_i_12/CO[3]
                         net (fo=1, routed)           0.000     5.799    res_OBUF[6]_inst_i_12_n_0
    SLICE_X1Y58          CARRY4 (Prop_carry4_CI_O[0])
                                                      0.222     6.021 f  res_OBUF[6]_inst_i_7/O[0]
                         net (fo=14, routed)          0.700     6.721    res4[6]
    SLICE_X0Y59          LUT6 (Prop_lut6_I4_O)        0.299     7.020 f  res_OBUF[6]_inst_i_10/O
                         net (fo=11, routed)          0.613     7.633    res_OBUF[6]_inst_i_10_n_0
    SLICE_X1Y59          LUT5 (Prop_lut5_I2_O)        0.124     7.757 r  res_OBUF[6]_inst_i_38/O
                         net (fo=1, routed)           0.797     8.554    res_OBUF[6]_inst_i_38_n_0
    SLICE_X1Y60          CARRY4 (Prop_carry4_DI[0]_CO[3])
                                                      0.635     9.189 r  res_OBUF[6]_inst_i_15/CO[3]
                         net (fo=1, routed)           0.000     9.189    res_OBUF[6]_inst_i_15_n_0
    SLICE_X1Y61          CARRY4 (Prop_carry4_CI_CO[1])
                                                      0.157     9.346 r  res_OBUF[6]_inst_i_9/CO[1]
                         net (fo=12, routed)          1.012    10.358    res_OBUF[6]_inst_i_9_n_2
    SLICE_X3Y61          LUT6 (Prop_lut6_I0_O)        0.329    10.687 r  res_OBUF[6]_inst_i_18/O
                         net (fo=1, routed)           0.000    10.687    res_OBUF[6]_inst_i_18_n_0
    SLICE_X3Y61          CARRY4 (Prop_carry4_S[0]_CO[3])
                                                      0.532    11.219 r  res_OBUF[6]_inst_i_8/CO[3]
                         net (fo=16, routed)          1.187    12.406    res_OBUF[6]_inst_i_8_n_0
    SLICE_X6Y60          LUT2 (Prop_lut2_I1_O)        0.124    12.530 r  res_OBUF[6]_inst_i_56/O
                         net (fo=1, routed)           0.324    12.854    res_OBUF[6]_inst_i_56_n_0
    SLICE_X4Y60          CARRY4 (Prop_carry4_DI[1]_CO[3])
                                                      0.507    13.361 r  res_OBUF[6]_inst_i_43/CO[3]
                         net (fo=1, routed)           0.000    13.361    res_OBUF[6]_inst_i_43_n_0
    SLICE_X4Y61          CARRY4 (Prop_carry4_CI_CO[3])
                                                      0.114    13.475 r  res_OBUF[6]_inst_i_21/CO[3]
                         net (fo=1, routed)           0.000    13.475    res_OBUF[6]_inst_i_21_n_0
    SLICE_X4Y62          CARRY4 (Prop_carry4_CI_CO[0])
                                                      0.271    13.746 r  res_OBUF[6]_inst_i_11/CO[0]
                         net (fo=17, routed)          1.150    14.896    res_OBUF[6]_inst_i_11_n_3
    SLICE_X5Y59          LUT5 (Prop_lut5_I0_O)        0.373    15.269 r  res_OBUF[3]_inst_i_42/O
                         net (fo=1, routed)           0.000    15.269    res_OBUF[3]_inst_i_42_n_0
    SLICE_X5Y59          CARRY4 (Prop_carry4_S[1]_CO[3])
                                                      0.550    15.819 r  res_OBUF[3]_inst_i_26/CO[3]
                         net (fo=1, routed)           0.000    15.819    res_OBUF[3]_inst_i_26_n_0
    SLICE_X5Y60          CARRY4 (Prop_carry4_CI_CO[3])
                                                      0.114    15.933 r  res_OBUF[3]_inst_i_16/CO[3]
                         net (fo=1, routed)           0.000    15.933    res_OBUF[3]_inst_i_16_n_0
    SLICE_X5Y61          CARRY4 (Prop_carry4_CI_CO[0])
                                                      0.271    16.204 r  res_OBUF[3]_inst_i_9/CO[0]
                         net (fo=15, routed)          0.977    17.181    res1[2]
    SLICE_X4Y58          LUT2 (Prop_lut2_I1_O)        0.373    17.554 r  res_OBUF[3]_inst_i_35/O
                         net (fo=1, routed)           0.339    17.893    res_OBUF[3]_inst_i_35_n_0
    SLICE_X2Y58          CARRY4 (Prop_carry4_DI[1]_CO[3])
                                                      0.520    18.413 r  res_OBUF[3]_inst_i_20/CO[3]
                         net (fo=1, routed)           0.000    18.413    res_OBUF[3]_inst_i_20_n_0
    SLICE_X2Y59          CARRY4 (Prop_carry4_CI_CO[3])
                                                      0.117    18.530 r  res_OBUF[3]_inst_i_18/CO[3]
                         net (fo=1, routed)           0.000    18.530    res_OBUF[3]_inst_i_18_n_0
    SLICE_X2Y60          CARRY4 (Prop_carry4_CI_CO[0])
                                                      0.254    18.784 r  res_OBUF[3]_inst_i_10/CO[0]
                         net (fo=14, routed)          1.069    19.853    res1[1]
    SLICE_X3Y58          LUT5 (Prop_lut5_I0_O)        0.367    20.220 r  res_OBUF[3]_inst_i_24/O
                         net (fo=1, routed)           0.000    20.220    res_OBUF[3]_inst_i_24_n_0
    SLICE_X3Y58          CARRY4 (Prop_carry4_S[1]_CO[3])
                                                      0.550    20.770 r  res_OBUF[3]_inst_i_11/CO[3]
                         net (fo=1, routed)           0.000    20.770    res_OBUF[3]_inst_i_11_n_0
    SLICE_X3Y59          CARRY4 (Prop_carry4_CI_CO[3])
                                                      0.114    20.884 r  res_OBUF[3]_inst_i_8/CO[3]
                         net (fo=1, routed)           0.903    21.787    res1[0]
    SLICE_X2Y61          LUT3 (Prop_lut3_I0_O)        0.124    21.911 r  res_OBUF[3]_inst_i_2/O
                         net (fo=1, routed)           0.343    22.254    res_OBUF[3]_inst_i_2_n_0
    SLICE_X0Y60          CARRY4 (Prop_carry4_CYINIT_CO[3])
                                                      0.580    22.834 r  res_OBUF[3]_inst_i_1/CO[3]
                         net (fo=1, routed)           0.000    22.834    res_OBUF[3]_inst_i_1_n_0
    SLICE_X0Y61          CARRY4 (Prop_carry4_CI_O[0])
                                                      0.222    23.056 r  res_OBUF[6]_inst_i_1/O[0]
                         net (fo=1, routed)           1.927    24.983    res_OBUF[4]
    R16                  OBUF (Prop_obuf_I_O)         2.805    27.788 r  res_OBUF[4]_inst/O
                         net (fo=0)                   0.000    27.788    res[4]
    R16                                                               r  res[4] (OUT)
  -------------------------------------------------------------------    -------------------

Slack:                    inf
  Source:                 b[1]
                            (input port)
  Destination:            res[3]
                            (output port)
  Path Group:             (none)
  Path Type:              Max at Slow Process Corner
  Data Path Delay:        27.626ns  (logic 12.371ns (44.779%)  route 15.255ns (55.221%))
  Logic Levels:           31  (CARRY4=17 IBUF=1 LUT2=2 LUT3=1 LUT4=1 LUT5=3 LUT6=5 OBUF=1)

    Location             Delay type                Incr(ns)  Path(ns)    Netlist Resource(s)
  -------------------------------------------------------------------    -------------------
    V14                                               0.000     0.000 r  b[1] (IN)
                         net (fo=0)                   0.000     0.000    b[1]
    V14                  IBUF (Prop_ibuf_I_O)         0.984     0.984 r  b_IBUF[1]_inst/O
                         net (fo=10, routed)          1.562     2.546    b_IBUF[1]
    SLICE_X0Y57          LUT6 (Prop_lut6_I4_O)        0.124     2.670 f  res_OBUF[6]_inst_i_53/O
                         net (fo=2, routed)           0.807     3.477    res_OBUF[6]_inst_i_53_n_0
    SLICE_X0Y57          LUT6 (Prop_lut6_I5_O)        0.124     3.601 r  res_OBUF[6]_inst_i_48/O
                         net (fo=3, routed)           0.741     4.342    res_OBUF[6]_inst_i_48_n_0
    SLICE_X0Y58          LUT6 (Prop_lut6_I0_O)        0.124     4.466 r  res_OBUF[6]_inst_i_22/O
                         net (fo=4, routed)           0.808     5.274    res_OBUF[6]_inst_i_22_n_0
    SLICE_X1Y57          LUT4 (Prop_lut4_I0_O)        0.124     5.398 r  res_OBUF[6]_inst_i_25/O
                         net (fo=1, routed)           0.000     5.398    res_OBUF[6]_inst_i_25_n_0
    SLICE_X1Y57          CARRY4 (Prop_carry4_S[3]_CO[3])
                                                      0.401     5.799 r  res_OBUF[6]_inst_i_12/CO[3]
                         net (fo=1, routed)           0.000     5.799    res_OBUF[6]_inst_i_12_n_0
    SLICE_X1Y58          CARRY4 (Prop_carry4_CI_O[0])
                                                      0.222     6.021 f  res_OBUF[6]_inst_i_7/O[0]
                         net (fo=14, routed)          0.700     6.721    res4[6]
    SLICE_X0Y59          LUT6 (Prop_lut6_I4_O)        0.299     7.020 f  res_OBUF[6]_inst_i_10/O
                         net (fo=11, routed)          0.613     7.633    res_OBUF[6]_inst_i_10_n_0
    SLICE_X1Y59          LUT5 (Prop_lut5_I2_O)        0.124     7.757 r  res_OBUF[6]_inst_i_38/O
                         net (fo=1, routed)           0.797     8.554    res_OBUF[6]_inst_i_38_n_0
    SLICE_X1Y60          CARRY4 (Prop_carry4_DI[0]_CO[3])
                                                      0.635     9.189 r  res_OBUF[6]_inst_i_15/CO[3]
                         net (fo=1, routed)           0.000     9.189    res_OBUF[6]_inst_i_15_n_0
    SLICE_X1Y61          CARRY4 (Prop_carry4_CI_CO[1])
                                                      0.157     9.346 r  res_OBUF[6]_inst_i_9/CO[1]
                         net (fo=12, routed)          1.012    10.358    res_OBUF[6]_inst_i_9_n_2
    SLICE_X3Y61          LUT6 (Prop_lut6_I0_O)        0.329    10.687 r  res_OBUF[6]_inst_i_18/O
                         net (fo=1, routed)           0.000    10.687    res_OBUF[6]_inst_i_18_n_0
    SLICE_X3Y61          CARRY4 (Prop_carry4_S[0]_CO[3])
                                                      0.532    11.219 r  res_OBUF[6]_inst_i_8/CO[3]
                         net (fo=16, routed)          1.187    12.406    res_OBUF[6]_inst_i_8_n_0
    SLICE_X6Y60          LUT2 (Prop_lut2_I1_O)        0.124    12.530 r  res_OBUF[6]_inst_i_56/O
                         net (fo=1, routed)           0.324    12.854    res_OBUF[6]_inst_i_56_n_0
    SLICE_X4Y60          CARRY4 (Prop_carry4_DI[1]_CO[3])
                                                      0.507    13.361 r  res_OBUF[6]_inst_i_43/CO[3]
                         net (fo=1, routed)           0.000    13.361    res_OBUF[6]_inst_i_43_n_0
    SLICE_X4Y61          CARRY4 (Prop_carry4_CI_CO[3])
                                                      0.114    13.475 r  res_OBUF[6]_inst_i_21/CO[3]
                         net (fo=1, routed)           0.000    13.475    res_OBUF[6]_inst_i_21_n_0
    SLICE_X4Y62          CARRY4 (Prop_carry4_CI_CO[0])
                                                      0.271    13.746 r  res_OBUF[6]_inst_i_11/CO[0]
                         net (fo=17, routed)          1.150    14.896    res_OBUF[6]_inst_i_11_n_3
    SLICE_X5Y59          LUT5 (Prop_lut5_I0_O)        0.373    15.269 r  res_OBUF[3]_inst_i_42/O
                         net (fo=1, routed)           0.000    15.269    res_OBUF[3]_inst_i_42_n_0
    SLICE_X5Y59          CARRY4 (Prop_carry4_S[1]_CO[3])
                                                      0.550    15.819 r  res_OBUF[3]_inst_i_26/CO[3]
                         net (fo=1, routed)           0.000    15.819    res_OBUF[3]_inst_i_26_n_0
    SLICE_X5Y60          CARRY4 (Prop_carry4_CI_CO[3])
                                                      0.114    15.933 r  res_OBUF[3]_inst_i_16/CO[3]
                         net (fo=1, routed)           0.000    15.933    res_OBUF[3]_inst_i_16_n_0
    SLICE_X5Y61          CARRY4 (Prop_carry4_CI_CO[0])
                                                      0.271    16.204 r  res_OBUF[3]_inst_i_9/CO[0]
                         net (fo=15, routed)          0.977    17.181    res1[2]
    SLICE_X4Y58          LUT2 (Prop_lut2_I1_O)        0.373    17.554 r  res_OBUF[3]_inst_i_35/O
                         net (fo=1, routed)           0.339    17.893    res_OBUF[3]_inst_i_35_n_0
    SLICE_X2Y58          CARRY4 (Prop_carry4_DI[1]_CO[3])
                                                      0.520    18.413 r  res_OBUF[3]_inst_i_20/CO[3]
                         net (fo=1, routed)           0.000    18.413    res_OBUF[3]_inst_i_20_n_0
    SLICE_X2Y59          CARRY4 (Prop_carry4_CI_CO[3])
                                                      0.117    18.530 r  res_OBUF[3]_inst_i_18/CO[3]
                         net (fo=1, routed)           0.000    18.530    res_OBUF[3]_inst_i_18_n_0
    SLICE_X2Y60          CARRY4 (Prop_carry4_CI_CO[0])
                                                      0.254    18.784 r  res_OBUF[3]_inst_i_10/CO[0]
                         net (fo=14, routed)          1.069    19.853    res1[1]
    SLICE_X3Y58          LUT5 (Prop_lut5_I0_O)        0.367    20.220 r  res_OBUF[3]_inst_i_24/O
                         net (fo=1, routed)           0.000    20.220    res_OBUF[3]_inst_i_24_n_0
    SLICE_X3Y58          CARRY4 (Prop_carry4_S[1]_CO[3])
                                                      0.550    20.770 r  res_OBUF[3]_inst_i_11/CO[3]
                         net (fo=1, routed)           0.000    20.770    res_OBUF[3]_inst_i_11_n_0
    SLICE_X3Y59          CARRY4 (Prop_carry4_CI_CO[3])
                                                      0.114    20.884 r  res_OBUF[3]_inst_i_8/CO[3]
                         net (fo=1, routed)           0.903    21.787    res1[0]
    SLICE_X2Y61          LUT3 (Prop_lut3_I0_O)        0.124    21.911 r  res_OBUF[3]_inst_i_2/O
                         net (fo=1, routed)           0.343    22.254    res_OBUF[3]_inst_i_2_n_0
    SLICE_X0Y60          CARRY4 (Prop_carry4_CYINIT_O[3])
                                                      0.642    22.896 r  res_OBUF[3]_inst_i_1/O[3]
                         net (fo=1, routed)           1.923    24.820    res_OBUF[3]
    T16                  OBUF (Prop_obuf_I_O)         2.806    27.626 r  res_OBUF[3]_inst/O
                         net (fo=0)                   0.000    27.626    res[3]
    T16                                                               r  res[3] (OUT)
  -------------------------------------------------------------------    -------------------

Slack:                    inf
  Source:                 b[1]
                            (input port)
  Destination:            res[1]
                            (output port)
  Path Group:             (none)
  Path Type:              Max at Slow Process Corner
  Data Path Delay:        27.544ns  (logic 12.340ns (44.800%)  route 15.204ns (55.200%))
  Logic Levels:           31  (CARRY4=17 IBUF=1 LUT2=2 LUT3=1 LUT4=1 LUT5=3 LUT6=5 OBUF=1)

    Location             Delay type                Incr(ns)  Path(ns)    Netlist Resource(s)
  -------------------------------------------------------------------    -------------------
    V14                                               0.000     0.000 r  b[1] (IN)
                         net (fo=0)                   0.000     0.000    b[1]
    V14                  IBUF (Prop_ibuf_I_O)         0.984     0.984 r  b_IBUF[1]_inst/O
                         net (fo=10, routed)          1.562     2.546    b_IBUF[1]
    SLICE_X0Y57          LUT6 (Prop_lut6_I4_O)        0.124     2.670 f  res_OBUF[6]_inst_i_53/O
                         net (fo=2, routed)           0.807     3.477    res_OBUF[6]_inst_i_53_n_0
    SLICE_X0Y57          LUT6 (Prop_lut6_I5_O)        0.124     3.601 r  res_OBUF[6]_inst_i_48/O
                         net (fo=3, routed)           0.741     4.342    res_OBUF[6]_inst_i_48_n_0
    SLICE_X0Y58          LUT6 (Prop_lut6_I0_O)        0.124     4.466 r  res_OBUF[6]_inst_i_22/O
                         net (fo=4, routed)           0.808     5.274    res_OBUF[6]_inst_i_22_n_0
    SLICE_X1Y57          LUT4 (Prop_lut4_I0_O)        0.124     5.398 r  res_OBUF[6]_inst_i_25/O
                         net (fo=1, routed)           0.000     5.398    res_OBUF[6]_inst_i_25_n_0
    SLICE_X1Y57          CARRY4 (Prop_carry4_S[3]_CO[3])
                                                      0.401     5.799 r  res_OBUF[6]_inst_i_12/CO[3]
                         net (fo=1, routed)           0.000     5.799    res_OBUF[6]_inst_i_12_n_0
    SLICE_X1Y58          CARRY4 (Prop_carry4_CI_O[0])
                                                      0.222     6.021 f  res_OBUF[6]_inst_i_7/O[0]
                         net (fo=14, routed)          0.700     6.721    res4[6]
    SLICE_X0Y59          LUT6 (Prop_lut6_I4_O)        0.299     7.020 f  res_OBUF[6]_inst_i_10/O
                         net (fo=11, routed)          0.613     7.633    res_OBUF[6]_inst_i_10_n_0
    SLICE_X1Y59          LUT5 (Prop_lut5_I2_O)        0.124     7.757 r  res_OBUF[6]_inst_i_38/O
                         net (fo=1, routed)           0.797     8.554    res_OBUF[6]_inst_i_38_n_0
    SLICE_X1Y60          CARRY4 (Prop_carry4_DI[0]_CO[3])
                                                      0.635     9.189 r  res_OBUF[6]_inst_i_15/CO[3]
                         net (fo=1, routed)           0.000     9.189    res_OBUF[6]_inst_i_15_n_0
    SLICE_X1Y61          CARRY4 (Prop_carry4_CI_CO[1])
                                                      0.157     9.346 r  res_OBUF[6]_inst_i_9/CO[1]
                         net (fo=12, routed)          1.012    10.358    res_OBUF[6]_inst_i_9_n_2
    SLICE_X3Y61          LUT6 (Prop_lut6_I0_O)        0.329    10.687 r  res_OBUF[6]_inst_i_18/O
                         net (fo=1, routed)           0.000    10.687    res_OBUF[6]_inst_i_18_n_0
    SLICE_X3Y61          CARRY4 (Prop_carry4_S[0]_CO[3])
                                                      0.532    11.219 r  res_OBUF[6]_inst_i_8/CO[3]
                         net (fo=16, routed)          1.187    12.406    res_OBUF[6]_inst_i_8_n_0
    SLICE_X6Y60          LUT2 (Prop_lut2_I1_O)        0.124    12.530 r  res_OBUF[6]_inst_i_56/O
                         net (fo=1, routed)           0.324    12.854    res_OBUF[6]_inst_i_56_n_0
    SLICE_X4Y60          CARRY4 (Prop_carry4_DI[1]_CO[3])
                                                      0.507    13.361 r  res_OBUF[6]_inst_i_43/CO[3]
                         net (fo=1, routed)           0.000    13.361    res_OBUF[6]_inst_i_43_n_0
    SLICE_X4Y61          CARRY4 (Prop_carry4_CI_CO[3])
                                                      0.114    13.475 r  res_OBUF[6]_inst_i_21/CO[3]
                         net (fo=1, routed)           0.000    13.475    res_OBUF[6]_inst_i_21_n_0
    SLICE_X4Y62          CARRY4 (Prop_carry4_CI_CO[0])
                                                      0.271    13.746 r  res_OBUF[6]_inst_i_11/CO[0]
                         net (fo=17, routed)          1.150    14.896    res_OBUF[6]_inst_i_11_n_3
    SLICE_X5Y59          LUT5 (Prop_lut5_I0_O)        0.373    15.269 r  res_OBUF[3]_inst_i_42/O
                         net (fo=1, routed)           0.000    15.269    res_OBUF[3]_inst_i_42_n_0
    SLICE_X5Y59          CARRY4 (Prop_carry4_S[1]_CO[3])
                                                      0.550    15.819 r  res_OBUF[3]_inst_i_26/CO[3]
                         net (fo=1, routed)           0.000    15.819    res_OBUF[3]_inst_i_26_n_0
    SLICE_X5Y60          CARRY4 (Prop_carry4_CI_CO[3])
                                                      0.114    15.933 r  res_OBUF[3]_inst_i_16/CO[3]
                         net (fo=1, routed)           0.000    15.933    res_OBUF[3]_inst_i_16_n_0
    SLICE_X5Y61          CARRY4 (Prop_carry4_CI_CO[0])
                                                      0.271    16.204 r  res_OBUF[3]_inst_i_9/CO[0]
                         net (fo=15, routed)          0.977    17.181    res1[2]
    SLICE_X4Y58          LUT2 (Prop_lut2_I1_O)        0.373    17.554 r  res_OBUF[3]_inst_i_35/O
                         net (fo=1, routed)           0.339    17.893    res_OBUF[3]_inst_i_35_n_0
    SLICE_X2Y58          CARRY4 (Prop_carry4_DI[1]_CO[3])
                                                      0.520    18.413 r  res_OBUF[3]_inst_i_20/CO[3]
                         net (fo=1, routed)           0.000    18.413    res_OBUF[3]_inst_i_20_n_0
    SLICE_X2Y59          CARRY4 (Prop_carry4_CI_CO[3])
                                                      0.117    18.530 r  res_OBUF[3]_inst_i_18/CO[3]
                         net (fo=1, routed)           0.000    18.530    res_OBUF[3]_inst_i_18_n_0
    SLICE_X2Y60          CARRY4 (Prop_carry4_CI_CO[0])
                                                      0.254    18.784 r  res_OBUF[3]_inst_i_10/CO[0]
                         net (fo=14, routed)          1.069    19.853    res1[1]
    SLICE_X3Y58          LUT5 (Prop_lut5_I0_O)        0.367    20.220 r  res_OBUF[3]_inst_i_24/O
                         net (fo=1, routed)           0.000    20.220    res_OBUF[3]_inst_i_24_n_0
    SLICE_X3Y58          CARRY4 (Prop_carry4_S[1]_CO[3])
                                                      0.550    20.770 r  res_OBUF[3]_inst_i_11/CO[3]
                         net (fo=1, routed)           0.000    20.770    res_OBUF[3]_inst_i_11_n_0
    SLICE_X3Y59          CARRY4 (Prop_carry4_CI_CO[3])
                                                      0.114    20.884 r  res_OBUF[3]_inst_i_8/CO[3]
                         net (fo=1, routed)           0.903    21.787    res1[0]
    SLICE_X2Y61          LUT3 (Prop_lut3_I0_O)        0.124    21.911 r  res_OBUF[3]_inst_i_2/O
                         net (fo=1, routed)           0.343    22.254    res_OBUF[3]_inst_i_2_n_0
    SLICE_X0Y60          CARRY4 (Prop_carry4_CYINIT_O[1])
                                                      0.598    22.852 r  res_OBUF[3]_inst_i_1/O[1]
                         net (fo=1, routed)           1.872    24.725    res_OBUF[1]
    V16                  OBUF (Prop_obuf_I_O)         2.820    27.544 r  res_OBUF[1]_inst/O
                         net (fo=0)                   0.000    27.544    res[1]
    V16                                                               r  res[1] (OUT)
  -------------------------------------------------------------------    -------------------

Slack:                    inf
  Source:                 b[1]
                            (input port)
  Destination:            res[2]
                            (output port)
  Path Group:             (none)
  Path Type:              Max at Slow Process Corner
  Data Path Delay:        27.532ns  (logic 12.329ns (44.780%)  route 15.203ns (55.220%))
  Logic Levels:           31  (CARRY4=17 IBUF=1 LUT2=2 LUT3=1 LUT4=1 LUT5=3 LUT6=5 OBUF=1)

    Location             Delay type                Incr(ns)  Path(ns)    Netlist Resource(s)
  -------------------------------------------------------------------    -------------------
    V14                                               0.000     0.000 r  b[1] (IN)
                         net (fo=0)                   0.000     0.000    b[1]
    V14                  IBUF (Prop_ibuf_I_O)         0.984     0.984 r  b_IBUF[1]_inst/O
                         net (fo=10, routed)          1.562     2.546    b_IBUF[1]
    SLICE_X0Y57          LUT6 (Prop_lut6_I4_O)        0.124     2.670 f  res_OBUF[6]_inst_i_53/O
                         net (fo=2, routed)           0.807     3.477    res_OBUF[6]_inst_i_53_n_0
    SLICE_X0Y57          LUT6 (Prop_lut6_I5_O)        0.124     3.601 r  res_OBUF[6]_inst_i_48/O
                         net (fo=3, routed)           0.741     4.342    res_OBUF[6]_inst_i_48_n_0
    SLICE_X0Y58          LUT6 (Prop_lut6_I0_O)        0.124     4.466 r  res_OBUF[6]_inst_i_22/O
                         net (fo=4, routed)           0.808     5.274    res_OBUF[6]_inst_i_22_n_0
    SLICE_X1Y57          LUT4 (Prop_lut4_I0_O)        0.124     5.398 r  res_OBUF[6]_inst_i_25/O
                         net (fo=1, routed)           0.000     5.398    res_OBUF[6]_inst_i_25_n_0
    SLICE_X1Y57          CARRY4 (Prop_carry4_S[3]_CO[3])
                                                      0.401     5.799 r  res_OBUF[6]_inst_i_12/CO[3]
                         net (fo=1, routed)           0.000     5.799    res_OBUF[6]_inst_i_12_n_0
    SLICE_X1Y58          CARRY4 (Prop_carry4_CI_O[0])
                                                      0.222     6.021 f  res_OBUF[6]_inst_i_7/O[0]
                         net (fo=14, routed)          0.700     6.721    res4[6]
    SLICE_X0Y59          LUT6 (Prop_lut6_I4_O)        0.299     7.020 f  res_OBUF[6]_inst_i_10/O
                         net (fo=11, routed)          0.613     7.633    res_OBUF[6]_inst_i_10_n_0
    SLICE_X1Y59          LUT5 (Prop_lut5_I2_O)        0.124     7.757 r  res_OBUF[6]_inst_i_38/O
                         net (fo=1, routed)           0.797     8.554    res_OBUF[6]_inst_i_38_n_0
    SLICE_X1Y60          CARRY4 (Prop_carry4_DI[0]_CO[3])
                                                      0.635     9.189 r  res_OBUF[6]_inst_i_15/CO[3]
                         net (fo=1, routed)           0.000     9.189    res_OBUF[6]_inst_i_15_n_0
    SLICE_X1Y61          CARRY4 (Prop_carry4_CI_CO[1])
                                                      0.157     9.346 r  res_OBUF[6]_inst_i_9/CO[1]
                         net (fo=12, routed)          1.012    10.358    res_OBUF[6]_inst_i_9_n_2
    SLICE_X3Y61          LUT6 (Prop_lut6_I0_O)        0.329    10.687 r  res_OBUF[6]_inst_i_18/O
                         net (fo=1, routed)           0.000    10.687    res_OBUF[6]_inst_i_18_n_0
    SLICE_X3Y61          CARRY4 (Prop_carry4_S[0]_CO[3])
                                                      0.532    11.219 r  res_OBUF[6]_inst_i_8/CO[3]
                         net (fo=16, routed)          1.187    12.406    res_OBUF[6]_inst_i_8_n_0
    SLICE_X6Y60          LUT2 (Prop_lut2_I1_O)        0.124    12.530 r  res_OBUF[6]_inst_i_56/O
                         net (fo=1, routed)           0.324    12.854    res_OBUF[6]_inst_i_56_n_0
    SLICE_X4Y60          CARRY4 (Prop_carry4_DI[1]_CO[3])
                                                      0.507    13.361 r  res_OBUF[6]_inst_i_43/CO[3]
                         net (fo=1, routed)           0.000    13.361    res_OBUF[6]_inst_i_43_n_0
    SLICE_X4Y61          CARRY4 (Prop_carry4_CI_CO[3])
                                                      0.114    13.475 r  res_OBUF[6]_inst_i_21/CO[3]
                         net (fo=1, routed)           0.000    13.475    res_OBUF[6]_inst_i_21_n_0
    SLICE_X4Y62          CARRY4 (Prop_carry4_CI_CO[0])
                                                      0.271    13.746 r  res_OBUF[6]_inst_i_11/CO[0]
                         net (fo=17, routed)          1.150    14.896    res_OBUF[6]_inst_i_11_n_3
    SLICE_X5Y59          LUT5 (Prop_lut5_I0_O)        0.373    15.269 r  res_OBUF[3]_inst_i_42/O
                         net (fo=1, routed)           0.000    15.269    res_OBUF[3]_inst_i_42_n_0
    SLICE_X5Y59          CARRY4 (Prop_carry4_S[1]_CO[3])
                                                      0.550    15.819 r  res_OBUF[3]_inst_i_26/CO[3]
                         net (fo=1, routed)           0.000    15.819    res_OBUF[3]_inst_i_26_n_0
    SLICE_X5Y60          CARRY4 (Prop_carry4_CI_CO[3])
                                                      0.114    15.933 r  res_OBUF[3]_inst_i_16/CO[3]
                         net (fo=1, routed)           0.000    15.933    res_OBUF[3]_inst_i_16_n_0
    SLICE_X5Y61          CARRY4 (Prop_carry4_CI_CO[0])
                                                      0.271    16.204 r  res_OBUF[3]_inst_i_9/CO[0]
                         net (fo=15, routed)          0.977    17.181    res1[2]
    SLICE_X4Y58          LUT2 (Prop_lut2_I1_O)        0.373    17.554 r  res_OBUF[3]_inst_i_35/O
                         net (fo=1, routed)           0.339    17.893    res_OBUF[3]_inst_i_35_n_0
    SLICE_X2Y58          CARRY4 (Prop_carry4_DI[1]_CO[3])
                                                      0.520    18.413 r  res_OBUF[3]_inst_i_20/CO[3]
                         net (fo=1, routed)           0.000    18.413    res_OBUF[3]_inst_i_20_n_0
    SLICE_X2Y59          CARRY4 (Prop_carry4_CI_CO[3])
                                                      0.117    18.530 r  res_OBUF[3]_inst_i_18/CO[3]
                         net (fo=1, routed)           0.000    18.530    res_OBUF[3]_inst_i_18_n_0
    SLICE_X2Y60          CARRY4 (Prop_carry4_CI_CO[0])
                                                      0.254    18.784 r  res_OBUF[3]_inst_i_10/CO[0]
                         net (fo=14, routed)          1.069    19.853    res1[1]
    SLICE_X3Y58          LUT5 (Prop_lut5_I0_O)        0.367    20.220 r  res_OBUF[3]_inst_i_24/O
                         net (fo=1, routed)           0.000    20.220    res_OBUF[3]_inst_i_24_n_0
    SLICE_X3Y58          CARRY4 (Prop_carry4_S[1]_CO[3])
                                                      0.550    20.770 r  res_OBUF[3]_inst_i_11/CO[3]
                         net (fo=1, routed)           0.000    20.770    res_OBUF[3]_inst_i_11_n_0
    SLICE_X3Y59          CARRY4 (Prop_carry4_CI_CO[3])
                                                      0.114    20.884 r  res_OBUF[3]_inst_i_8/CO[3]
                         net (fo=1, routed)           0.903    21.787    res1[0]
    SLICE_X2Y61          LUT3 (Prop_lut3_I0_O)        0.124    21.911 r  res_OBUF[3]_inst_i_2/O
                         net (fo=1, routed)           0.343    22.254    res_OBUF[3]_inst_i_2_n_0
    SLICE_X0Y60          CARRY4 (Prop_carry4_CYINIT_O[2])
                                                      0.584    22.838 r  res_OBUF[3]_inst_i_1/O[2]
                         net (fo=1, routed)           1.871    24.710    res_OBUF[2]
    V15                  OBUF (Prop_obuf_I_O)         2.823    27.532 r  res_OBUF[2]_inst/O
                         net (fo=0)                   0.000    27.532    res[2]
    V15                                                               r  res[2] (OUT)
  -------------------------------------------------------------------    -------------------

Slack:                    inf
  Source:                 b[1]
                            (input port)
  Destination:            res[0]
                            (output port)
  Path Group:             (none)
  Path Type:              Max at Slow Process Corner
  Data Path Delay:        27.425ns  (logic 12.227ns (44.585%)  route 15.198ns (55.415%))
  Logic Levels:           31  (CARRY4=17 IBUF=1 LUT2=2 LUT3=1 LUT4=1 LUT5=3 LUT6=5 OBUF=1)

    Location             Delay type                Incr(ns)  Path(ns)    Netlist Resource(s)
  -------------------------------------------------------------------    -------------------
    V14                                               0.000     0.000 r  b[1] (IN)
                         net (fo=0)                   0.000     0.000    b[1]
    V14                  IBUF (Prop_ibuf_I_O)         0.984     0.984 r  b_IBUF[1]_inst/O
                         net (fo=10, routed)          1.562     2.546    b_IBUF[1]
    SLICE_X0Y57          LUT6 (Prop_lut6_I4_O)        0.124     2.670 f  res_OBUF[6]_inst_i_53/O
                         net (fo=2, routed)           0.807     3.477    res_OBUF[6]_inst_i_53_n_0
    SLICE_X0Y57          LUT6 (Prop_lut6_I5_O)        0.124     3.601 r  res_OBUF[6]_inst_i_48/O
                         net (fo=3, routed)           0.741     4.342    res_OBUF[6]_inst_i_48_n_0
    SLICE_X0Y58          LUT6 (Prop_lut6_I0_O)        0.124     4.466 r  res_OBUF[6]_inst_i_22/O
                         net (fo=4, routed)           0.808     5.274    res_OBUF[6]_inst_i_22_n_0
    SLICE_X1Y57          LUT4 (Prop_lut4_I0_O)        0.124     5.398 r  res_OBUF[6]_inst_i_25/O
                         net (fo=1, routed)           0.000     5.398    res_OBUF[6]_inst_i_25_n_0
    SLICE_X1Y57          CARRY4 (Prop_carry4_S[3]_CO[3])
                                                      0.401     5.799 r  res_OBUF[6]_inst_i_12/CO[3]
                         net (fo=1, routed)           0.000     5.799    res_OBUF[6]_inst_i_12_n_0
    SLICE_X1Y58          CARRY4 (Prop_carry4_CI_O[0])
                                                      0.222     6.021 f  res_OBUF[6]_inst_i_7/O[0]
                         net (fo=14, routed)          0.700     6.721    res4[6]
    SLICE_X0Y59          LUT6 (Prop_lut6_I4_O)        0.299     7.020 f  res_OBUF[6]_inst_i_10/O
                         net (fo=11, routed)          0.613     7.633    res_OBUF[6]_inst_i_10_n_0
    SLICE_X1Y59          LUT5 (Prop_lut5_I2_O)        0.124     7.757 r  res_OBUF[6]_inst_i_38/O
                         net (fo=1, routed)           0.797     8.554    res_OBUF[6]_inst_i_38_n_0
    SLICE_X1Y60          CARRY4 (Prop_carry4_DI[0]_CO[3])
                                                      0.635     9.189 r  res_OBUF[6]_inst_i_15/CO[3]
                         net (fo=1, routed)           0.000     9.189    res_OBUF[6]_inst_i_15_n_0
    SLICE_X1Y61          CARRY4 (Prop_carry4_CI_CO[1])
                                                      0.157     9.346 r  res_OBUF[6]_inst_i_9/CO[1]
                         net (fo=12, routed)          1.012    10.358    res_OBUF[6]_inst_i_9_n_2
    SLICE_X3Y61          LUT6 (Prop_lut6_I0_O)        0.329    10.687 r  res_OBUF[6]_inst_i_18/O
                         net (fo=1, routed)           0.000    10.687    res_OBUF[6]_inst_i_18_n_0
    SLICE_X3Y61          CARRY4 (Prop_carry4_S[0]_CO[3])
                                                      0.532    11.219 r  res_OBUF[6]_inst_i_8/CO[3]
                         net (fo=16, routed)          1.187    12.406    res_OBUF[6]_inst_i_8_n_0
    SLICE_X6Y60          LUT2 (Prop_lut2_I1_O)        0.124    12.530 r  res_OBUF[6]_inst_i_56/O
                         net (fo=1, routed)           0.324    12.854    res_OBUF[6]_inst_i_56_n_0
    SLICE_X4Y60          CARRY4 (Prop_carry4_DI[1]_CO[3])
                                                      0.507    13.361 r  res_OBUF[6]_inst_i_43/CO[3]
                         net (fo=1, routed)           0.000    13.361    res_OBUF[6]_inst_i_43_n_0
    SLICE_X4Y61          CARRY4 (Prop_carry4_CI_CO[3])
                                                      0.114    13.475 r  res_OBUF[6]_inst_i_21/CO[3]
                         net (fo=1, routed)           0.000    13.475    res_OBUF[6]_inst_i_21_n_0
    SLICE_X4Y62          CARRY4 (Prop_carry4_CI_CO[0])
                                                      0.271    13.746 r  res_OBUF[6]_inst_i_11/CO[0]
                         net (fo=17, routed)          1.150    14.896    res_OBUF[6]_inst_i_11_n_3
    SLICE_X5Y59          LUT5 (Prop_lut5_I0_O)        0.373    15.269 r  res_OBUF[3]_inst_i_42/O
                         net (fo=1, routed)           0.000    15.269    res_OBUF[3]_inst_i_42_n_0
    SLICE_X5Y59          CARRY4 (Prop_carry4_S[1]_CO[3])
                                                      0.550    15.819 r  res_OBUF[3]_inst_i_26/CO[3]
                         net (fo=1, routed)           0.000    15.819    res_OBUF[3]_inst_i_26_n_0
    SLICE_X5Y60          CARRY4 (Prop_carry4_CI_CO[3])
                                                      0.114    15.933 r  res_OBUF[3]_inst_i_16/CO[3]
                         net (fo=1, routed)           0.000    15.933    res_OBUF[3]_inst_i_16_n_0
    SLICE_X5Y61          CARRY4 (Prop_carry4_CI_CO[0])
                                                      0.271    16.204 r  res_OBUF[3]_inst_i_9/CO[0]
                         net (fo=15, routed)          0.977    17.181    res1[2]
    SLICE_X4Y58          LUT2 (Prop_lut2_I1_O)        0.373    17.554 r  res_OBUF[3]_inst_i_35/O
                         net (fo=1, routed)           0.339    17.893    res_OBUF[3]_inst_i_35_n_0
    SLICE_X2Y58          CARRY4 (Prop_carry4_DI[1]_CO[3])
                                                      0.520    18.413 r  res_OBUF[3]_inst_i_20/CO[3]
                         net (fo=1, routed)           0.000    18.413    res_OBUF[3]_inst_i_20_n_0
    SLICE_X2Y59          CARRY4 (Prop_carry4_CI_CO[3])
                                                      0.117    18.530 r  res_OBUF[3]_inst_i_18/CO[3]
                         net (fo=1, routed)           0.000    18.530    res_OBUF[3]_inst_i_18_n_0
    SLICE_X2Y60          CARRY4 (Prop_carry4_CI_CO[0])
                                                      0.254    18.784 r  res_OBUF[3]_inst_i_10/CO[0]
                         net (fo=14, routed)          1.069    19.853    res1[1]
    SLICE_X3Y58          LUT5 (Prop_lut5_I0_O)        0.367    20.220 r  res_OBUF[3]_inst_i_24/O
                         net (fo=1, routed)           0.000    20.220    res_OBUF[3]_inst_i_24_n_0
    SLICE_X3Y58          CARRY4 (Prop_carry4_S[1]_CO[3])
                                                      0.550    20.770 r  res_OBUF[3]_inst_i_11/CO[3]
                         net (fo=1, routed)           0.000    20.770    res_OBUF[3]_inst_i_11_n_0
    SLICE_X3Y59          CARRY4 (Prop_carry4_CI_CO[3])
                                                      0.114    20.884 r  res_OBUF[3]_inst_i_8/CO[3]
                         net (fo=1, routed)           0.903    21.787    res1[0]
    SLICE_X2Y61          LUT3 (Prop_lut3_I0_O)        0.124    21.911 r  res_OBUF[3]_inst_i_2/O
                         net (fo=1, routed)           0.343    22.254    res_OBUF[3]_inst_i_2_n_0
    SLICE_X0Y60          CARRY4 (Prop_carry4_CYINIT_O[0])
                                                      0.482    22.736 r  res_OBUF[3]_inst_i_1/O[0]
                         net (fo=1, routed)           1.866    24.602    res_OBUF[0]
    U17                  OBUF (Prop_obuf_I_O)         2.823    27.425 r  res_OBUF[0]_inst/O
                         net (fo=0)                   0.000    27.425    res[0]
    U17                                                               r  res[0] (OUT)
  -------------------------------------------------------------------    -------------------





Min Delay Paths
--------------------------------------------------------------------------------------
Slack:                    inf
  Source:                 d[0]
                            (input port)
  Destination:            res[6]
                            (output port)
  Path Group:             (none)
  Path Type:              Min at Fast Process Corner
  Data Path Delay:        2.432ns  (logic 1.555ns (63.924%)  route 0.877ns (36.076%))
  Logic Levels:           4  (CARRY4=1 IBUF=1 LUT6=1 OBUF=1)

    Location             Delay type                Incr(ns)  Path(ns)    Netlist Resource(s)
  -------------------------------------------------------------------    -------------------
    T11                                               0.000     0.000 r  d[0] (IN)
                         net (fo=0)                   0.000     0.000    d[0]
    T11                  IBUF (Prop_ibuf_I_O)         0.219     0.219 r  d_IBUF[0]_inst/O
                         net (fo=35, routed)          0.382     0.601    d_IBUF[0]
    SLICE_X0Y61          LUT6 (Prop_lut6_I2_O)        0.045     0.646 r  res_OBUF[6]_inst_i_4/O
                         net (fo=1, routed)           0.000     0.646    res_OBUF[6]_inst_i_4_n_0
    SLICE_X0Y61          CARRY4 (Prop_carry4_S[2]_O[2])
                                                      0.066     0.712 r  res_OBUF[6]_inst_i_1/O[2]
                         net (fo=1, routed)           0.496     1.208    res_OBUF[6]
    T14                  OBUF (Prop_obuf_I_O)         1.224     2.432 r  res_OBUF[6]_inst/O
                         net (fo=0)                   0.000     2.432    res[6]
    T14                                                               r  res[6] (OUT)
  -------------------------------------------------------------------    -------------------

Slack:                    inf
  Source:                 a[1]
                            (input port)
  Destination:            res[2]
                            (output port)
  Path Group:             (none)
  Path Type:              Min at Fast Process Corner
  Data Path Delay:        2.499ns  (logic 1.606ns (64.270%)  route 0.893ns (35.730%))
  Logic Levels:           3  (CARRY4=1 IBUF=1 OBUF=1)

    Location             Delay type                Incr(ns)  Path(ns)    Netlist Resource(s)
  -------------------------------------------------------------------    -------------------
    T10                                               0.000     0.000 r  a[1] (IN)
                         net (fo=0)                   0.000     0.000    a[1]
    T10                  IBUF (Prop_ibuf_I_O)         0.236     0.236 r  a_IBUF[1]_inst/O
                         net (fo=2, routed)           0.463     0.699    a_IBUF[1]
    SLICE_X0Y60          CARRY4 (Prop_carry4_DI[1]_O[2])
                                                      0.146     0.845 r  res_OBUF[3]_inst_i_1/O[2]
                         net (fo=1, routed)           0.429     1.275    res_OBUF[2]
    V15                  OBUF (Prop_obuf_I_O)         1.224     2.499 r  res_OBUF[2]_inst/O
                         net (fo=0)                   0.000     2.499    res[2]
    V15                                                               r  res[2] (OUT)
  -------------------------------------------------------------------    -------------------

Slack:                    inf
  Source:                 a[2]
                            (input port)
  Destination:            res[3]
                            (output port)
  Path Group:             (none)
  Path Type:              Min at Fast Process Corner
  Data Path Delay:        2.504ns  (logic 1.566ns (62.547%)  route 0.938ns (37.453%))
  Logic Levels:           3  (CARRY4=1 IBUF=1 OBUF=1)

    Location             Delay type                Incr(ns)  Path(ns)    Netlist Resource(s)
  -------------------------------------------------------------------    -------------------
    T9                                                0.000     0.000 r  a[2] (IN)
                         net (fo=0)                   0.000     0.000    a[2]
    T9                   IBUF (Prop_ibuf_I_O)         0.233     0.233 r  a_IBUF[2]_inst/O
                         net (fo=2, routed)           0.500     0.733    a_IBUF[2]
    SLICE_X0Y60          CARRY4 (Prop_carry4_DI[2]_O[3])
                                                      0.127     0.860 r  res_OBUF[3]_inst_i_1/O[3]
                         net (fo=1, routed)           0.437     1.298    res_OBUF[3]
    T16                  OBUF (Prop_obuf_I_O)         1.206     2.504 r  res_OBUF[3]_inst/O
                         net (fo=0)                   0.000     2.504    res[3]
    T16                                                               r  res[3] (OUT)
  -------------------------------------------------------------------    -------------------

Slack:                    inf
  Source:                 a[1]
                            (input port)
  Destination:            res[4]
                            (output port)
  Path Group:             (none)
  Path Type:              Min at Fast Process Corner
  Data Path Delay:        2.551ns  (logic 1.645ns (64.510%)  route 0.905ns (35.490%))
  Logic Levels:           4  (CARRY4=2 IBUF=1 OBUF=1)

    Location             Delay type                Incr(ns)  Path(ns)    Netlist Resource(s)
  -------------------------------------------------------------------    -------------------
    T10                                               0.000     0.000 r  a[1] (IN)
                         net (fo=0)                   0.000     0.000    a[1]
    T10                  IBUF (Prop_ibuf_I_O)         0.236     0.236 r  a_IBUF[1]_inst/O
                         net (fo=2, routed)           0.463     0.699    a_IBUF[1]
    SLICE_X0Y60          CARRY4 (Prop_carry4_DI[1]_CO[3])
                                                      0.147     0.846 r  res_OBUF[3]_inst_i_1/CO[3]
                         net (fo=1, routed)           0.000     0.846    res_OBUF[3]_inst_i_1_n_0
    SLICE_X0Y61          CARRY4 (Prop_carry4_CI_O[0])
                                                      0.054     0.900 r  res_OBUF[6]_inst_i_1/O[0]
                         net (fo=1, routed)           0.442     1.342    res_OBUF[4]
    R16                  OBUF (Prop_obuf_I_O)         1.209     2.551 r  res_OBUF[4]_inst/O
                         net (fo=0)                   0.000     2.551    res[4]
    R16                                                               r  res[4] (OUT)
  -------------------------------------------------------------------    -------------------

Slack:                    inf
  Source:                 a[0]
                            (input port)
  Destination:            res[0]
                            (output port)
  Path Group:             (none)
  Path Type:              Min at Fast Process Corner
  Data Path Delay:        2.570ns  (logic 1.556ns (60.548%)  route 1.014ns (39.452%))
  Logic Levels:           4  (CARRY4=1 IBUF=1 LUT3=1 OBUF=1)

    Location             Delay type                Incr(ns)  Path(ns)    Netlist Resource(s)
  -------------------------------------------------------------------    -------------------
    R10                                               0.000     0.000 r  a[0] (IN)
                         net (fo=0)                   0.000     0.000    a[0]
    R10                  IBUF (Prop_ibuf_I_O)         0.214     0.214 r  a_IBUF[0]_inst/O
                         net (fo=2, routed)           0.597     0.811    a_IBUF[0]
    SLICE_X0Y60          LUT3 (Prop_lut3_I0_O)        0.045     0.856 r  res_OBUF[3]_inst_i_7/O
                         net (fo=1, routed)           0.000     0.856    res_OBUF[3]_inst_i_7_n_0
    SLICE_X0Y60          CARRY4 (Prop_carry4_S[0]_O[0])
                                                      0.070     0.926 r  res_OBUF[3]_inst_i_1/O[0]
                         net (fo=1, routed)           0.417     1.343    res_OBUF[0]
    U17                  OBUF (Prop_obuf_I_O)         1.227     2.570 r  res_OBUF[0]_inst/O
                         net (fo=0)                   0.000     2.570    res[0]
    U17                                                               r  res[0] (OUT)
  -------------------------------------------------------------------    -------------------

Slack:                    inf
  Source:                 a[0]
                            (input port)
  Destination:            res[1]
                            (output port)
  Path Group:             (none)
  Path Type:              Min at Fast Process Corner
  Data Path Delay:        2.596ns  (logic 1.577ns (60.728%)  route 1.020ns (39.272%))
  Logic Levels:           3  (CARRY4=1 IBUF=1 OBUF=1)

    Location             Delay type                Incr(ns)  Path(ns)    Netlist Resource(s)
  -------------------------------------------------------------------    -------------------
    R10                                               0.000     0.000 r  a[0] (IN)
                         net (fo=0)                   0.000     0.000    a[0]
    R10                  IBUF (Prop_ibuf_I_O)         0.214     0.214 r  a_IBUF[0]_inst/O
                         net (fo=2, routed)           0.597     0.811    a_IBUF[0]
    SLICE_X0Y60          CARRY4 (Prop_carry4_DI[0]_O[1])
                                                      0.143     0.954 r  res_OBUF[3]_inst_i_1/O[1]
                         net (fo=1, routed)           0.422     1.377    res_OBUF[1]
    V16                  OBUF (Prop_obuf_I_O)         1.219     2.596 r  res_OBUF[1]_inst/O
                         net (fo=0)                   0.000     2.596    res[1]
    V16                                                               r  res[1] (OUT)
  -------------------------------------------------------------------    -------------------

Slack:                    inf
  Source:                 a[1]
                            (input port)
  Destination:            res[5]
                            (output port)
  Path Group:             (none)
  Path Type:              Min at Fast Process Corner
  Data Path Delay:        2.610ns  (logic 1.700ns (65.115%)  route 0.911ns (34.885%))
  Logic Levels:           4  (CARRY4=2 IBUF=1 OBUF=1)

    Location             Delay type                Incr(ns)  Path(ns)    Netlist Resource(s)
  -------------------------------------------------------------------    -------------------
    T10                                               0.000     0.000 r  a[1] (IN)
                         net (fo=0)                   0.000     0.000    a[1]
    T10                  IBUF (Prop_ibuf_I_O)         0.236     0.236 r  a_IBUF[1]_inst/O
                         net (fo=2, routed)           0.463     0.699    a_IBUF[1]
    SLICE_X0Y60          CARRY4 (Prop_carry4_DI[1]_CO[3])
                                                      0.147     0.846 r  res_OBUF[3]_inst_i_1/CO[3]
                         net (fo=1, routed)           0.000     0.846    res_OBUF[3]_inst_i_1_n_0
    SLICE_X0Y61          CARRY4 (Prop_carry4_CI_O[1])
                                                      0.091     0.937 r  res_OBUF[6]_inst_i_1/O[1]
                         net (fo=1, routed)           0.447     1.384    res_OBUF[5]
    T15                  OBUF (Prop_obuf_I_O)         1.226     2.610 r  res_OBUF[5]_inst/O
                         net (fo=0)                   0.000     2.610    res[5]
    T15                                                               r  res[5] (OUT)
  -------------------------------------------------------------------    -------------------





