INFO: [VRFC 10-2263] Analyzing Verilog file "C:/Vivado2022/VivadoProjects/project_3/project_3.srcs/sources_1/new/dyn_ts_rs_latch.v" into library xil_defaultlib
INFO: [VRFC 10-2263] Analyzing Verilog file "C:/Vivado2022/VivadoProjects/project_3/project_3.srcs/sources_1/new/gated_d_latch.v" into library xil_defaultlib
INFO: [VRFC 10-311] analyzing module gated_d_latch
INFO: [VRFC 10-2263] Analyzing Verilog file "C:/Vivado2022/VivadoProjects/project_3/project_3.srcs/sources_1/new/gated_rs_latch_nand.v" into library xil_defaultlib
INFO: [VRFC 10-311] analyzing module gated_rs_latch_nand
INFO: [VRFC 10-2263] Analyzing Verilog file "C:/Vivado2022/VivadoProjects/project_3/project_3.srcs/sources_1/new/gated_rs_latch_nor.v" into library xil_defaultlib
INFO: [VRFC 10-311] analyzing module gated_rs_latch_nor
INFO: [VRFC 10-2263] Analyzing Verilog file "C:/Vivado2022/VivadoProjects/project_3/project_3.srcs/sources_1/new/jk_flipflop.v" into library xil_defaultlib
INFO: [VRFC 10-311] analyzing module jk_flipflop
INFO: [VRFC 10-2263] Analyzing Verilog file "C:/Vivado2022/VivadoProjects/project_3/project_3.srcs/sources_1/new/rs_latch_nand.v" into library xil_defaultlib
INFO: [VRFC 10-311] analyzing module rs_latch_nand
INFO: [VRFC 10-2263] Analyzing Verilog file "C:/Vivado2022/VivadoProjects/project_3/project_3.srcs/sources_1/new/rs_latch_nand_wis.v" into library xil_defaultlib
INFO: [VRFC 10-311] analyzing module rs_latch_nand_wis
INFO: [VRFC 10-2263] Analyzing Verilog file "C:/Vivado2022/VivadoProjects/project_3/project_3.srcs/sources_1/new/rs_latch_nor.v" into library xil_defaultlib
INFO: [VRFC 10-311] analyzing module rs_latch_nor
INFO: [VRFC 10-2263] Analyzing Verilog file "C:/Vivado2022/VivadoProjects/project_3/project_3.srcs/sources_1/new/rs_latch_nor_wis.v" into library xil_defaultlib
INFO: [VRFC 10-311] analyzing module rs_latch_nor_wis
INFO: [VRFC 10-2263] Analyzing Verilog file "C:/Vivado2022/VivadoProjects/project_3/project_3.srcs/sources_1/new/t_flipflop_ds.v" into library xil_defaultlib
INFO: [VRFC 10-311] analyzing module t_flipflop_ds
INFO: [VRFC 10-2263] Analyzing Verilog file "C:/Vivado2022/VivadoProjects/project_3/project_3.srcs/sources_1/new/dyn_rs_flipflop.v" into library xil_defaultlib
INFO: [VRFC 10-311] analyzing module dyn_rs_flipflop
INFO: [VRFC 10-2263] Analyzing Verilog file "C:/Vivado2022/VivadoProjects/project_3/project_3.srcs/sources_1/new/dyn_rs_latch.v" into library xil_defaultlib
INFO: [VRFC 10-311] analyzing module dyn_rs_latch
INFO: [VRFC 10-2263] Analyzing Verilog file "C:/Vivado2022/VivadoProjects/project_3/project_3.srcs/sim_1/new/new_test.v" into library xil_defaultlib
INFO: [VRFC 10-311] analyzing module new_test
INFO: [VRFC 10-2263] Analyzing Verilog file "C:/Vivado2022/VivadoProjects/project_3/project_3.srcs/sim_1/new/test_for_wis.v" into library xil_defaultlib
INFO: [VRFC 10-311] analyzing module test_for_wis
INFO: [VRFC 10-2263] Analyzing Verilog file "C:/Vivado2022/VivadoProjects/project_3/project_3.srcs/sim_1/new/test.v" into library xil_defaultlib
INFO: [VRFC 10-311] analyzing module test
INFO: [VRFC 10-2263] Analyzing Verilog file "C:/Vivado2022/VivadoProjects/project_3/project_3.srcs/sim_1/new/test_for_rs.v" into library xil_defaultlib
INFO: [VRFC 10-311] analyzing module test_for_rs
INFO: [VRFC 10-2263] Analyzing Verilog file "C:/Vivado2022/VivadoProjects/project_3/project_3.srcs/sim_1/new/test_for_grs.v" into library xil_defaultlib
INFO: [VRFC 10-311] analyzing module test_for_grs
